<?xml version="1.0" encoding="UTF-8"?>
<persistence version="2.1" xmlns="http://xmlns.jcp.org/xml/ns/persistence" xmlns:xsi="http://www.w3.org/2001/XMLSchema-instance" xsi:schemaLocation="http://xmlns.jcp.org/xml/ns/persistence http://xmlns.jcp.org/xml/ns/persistence/persistence_2_1.xsd">
  <persistence-unit name="ZUPPU" transaction-type="JTA">
    <provider>org.hibernate.ejb.HibernatePersistence</provider>
    <jta-data-source>jdbc/__zup</jta-data-source>
    <class>com.zup.br.domain.Products</class>
    <exclude-unlisted-classes>true</exclude-unlisted-classes>
    <properties>
      <property name="hibernate.show_sql" value="true"/>
      <property name="hibernate.hbm2ddl.auto" value="create-drop"/>
      <property name="hibernate.transaction.jta.platform" value="org.hibernate.service.jta.platform.internal.SunOneJtaPlatform"/>
    </properties>
  </persistence-unit>
</persistence>
